Zoom/sample/build/outputs/logs/manifest-merger-debug-report.txt
-- Merging decision tree log ---
manifest
ADDED from src/main/AndroidManifest.xml:2:1-126:12
INJECTED from src/main/AndroidManifest.xml:2:1-126:12
INJECTED from src/main/AndroidManifest.xml:2:1-126:12
INJECTED from src/main/AndroidManifest.xml:2:1-126:12
MERGED from [:commonlib] AndroidManifest.xml:2:1-9:12
MERGED from [:mobilertc] AndroidManifest.xml:2:1-207:12
MERGED from [androidx.security:security-crypto:1.1.0-alpha03] AndroidManifest.xml:17:1-24:12
MERGED from [com.google.android.exoplayer:exoplayer-ui:2.17.1] AndroidManifest.xml:17:1-24:12
MERGED from [com.google.android.exoplayer:exoplayer-core:2.17.1] AndroidManifest.xml:17:1-26:12
MERGED from [androidx.swiperefreshlayout:swiperefreshlayout:1.1.0] AndroidManifest.xml:17:1-24:12
MERGED from [com.google.android.material:material:1.4.0] AndroidManifest.xml:17:1-24:12
MERGED from [androidx.constraintlayout:constraintlayout:2.1.0] AndroidManifest.xml:2:1-11:12
MERGED from [com.airbnb.android:lottie:4.0.0] AndroidManifest.xml:2:1-11:12
MERGED from [androidx.appcompat:appcompat:1.3.1] AndroidManifest.xml:17:1-24:12
MERGED from [com.google.android:flexbox:2.0.1] AndroidManifest.xml:17:1-26:12
MERGED from [androidx.multidex:multidex:2.0.0] AndroidManifest.xml:17:1-22:12
MERGED from [com.github.bumptech.glide:glide:4.11.0] AndroidManifest.xml:2:1-12:12
MERGED from [androidx.viewpager2:viewpager2:1.0.0] AndroidManifest.xml:17:1-24:12
MERGED from [androidx.recyclerview:recyclerview:1.2.1] AndroidManifest.xml:17:1-24:12
MERGED from [androidx.window:window-java:1.0.0] AndroidManifest.xml:17:1-23:12
MERGED from [androidx.window:window:1.0.0] AndroidManifest.xml:17:1-33:12
MERGED from [androidx.fragment:fragment-ktx:1.4.1] AndroidManifest.xml:17:1-24:12
MERGED from [androidx.fragment:fragment:1.4.1] AndroidManifest.xml:17:1-24:12
MERGED from [androidx.activity:activity-ktx:1.2.3] AndroidManifest.xml:17:1-24:12
MERGED from [androidx.core:core-ktx:1.7.0] AndroidManifest.xml:2:1-9:12
MERGED from [androidx.lifecycle:lifecycle-viewmodel-ktx:2.4.0] AndroidManifest.xml:17:1-24:12
MERGED from [androidx.lifecycle:lifecycle-runtime-ktx:2.4.0] AndroidManifest.xml:17:1-24:12
MERGED from [androidx.activity:activity:1.2.4] AndroidManifest.xml:17:1-24:12
MERGED from [androidx.lifecycle:lifecycle-viewmodel-savedstate:2.3.1] AndroidManifest.xml:17:1-24:12
MERGED from [androidx.dynamicanimation:dynamicanimation:1.0.0] AndroidManifest.xml:17:1-22:12
MERGED from [androidx.legacy:legacy-support-core-utils:1.0.0] AndroidManifest.xml:17:1-22:12
MERGED from [androidx.loader:loader:1.0.0] AndroidManifest.xml:17:1-22:12
MERGED from [androidx.lifecycle:lifecycle-viewmodel:2.4.0] AndroidManifest.xml:17:1-24:12
MERGED from [androidx.lifecycle:lifecycle-livedata-core-ktx:2.3.1] AndroidManifest.xml:17:1-24:12
MERGED from [androidx.savedstate:savedstate-ktx:1.1.0] AndroidManifest.xml:17:1-24:12
MERGED from [androidx.media:media:1.4.3] AndroidManifest.xml:17:1-24:12
MERGED from [androidx.appcompat:appcompat-resources:1.3.1] AndroidManifest.xml:17:1-24:12
MERGED from [androidx.drawerlayout:drawerlayout:1.0.0] AndroidManifest.xml:17:1-22:12
MERGED from [androidx.coordinatorlayout:coordinatorlayout:1.1.0] AndroidManifest.xml:17:1-24:12
MERGED from [androidx.transition:transition:1.2.0] AndroidManifest.xml:17:1-24:12
MERGED from [androidx.vectordrawable:vectordrawable-animated:1.1.0] AndroidManifest.xml:17:1-24:12
MERGED from [androidx.vectordrawable:vectordrawable:1.1.0] AndroidManifest.xml:17:1-24:12
MERGED from [androidx.viewpager:viewpager:1.0.0] AndroidManifest.xml:17:1-22:12
MERGED from [androidx.customview:customview:1.0.0] AndroidManifest.xml:17:1-22:12
MERGED from [androidx.core:core:1.7.0] AndroidManifest.xml:17:1-26:12
MERGED from [androidx.versionedparcelable:versionedparcelable:1.1.1] AndroidManifest.xml:17:1-27:12
MERGED from [androidx.interpolator:interpolator:1.0.0] AndroidManifest.xml:17:1-22:12
MERGED from [androidx.cursoradapter:cursoradapter:1.0.0] AndroidManifest.xml:17:1-22:12
MERGED from [androidx.savedstate:savedstate:1.1.0] AndroidManifest.xml:17:1-24:12
MERGED from [androidx.cardview:cardview:1.0.0] AndroidManifest.xml:17:1-22:12
MERGED from [com.github.bumptech.glide:gifdecoder:4.11.0] AndroidManifest.xml:2:1-11:12
MERGED from [androidx.exifinterface:exifinterface:1.0.0] AndroidManifest.xml:17:1-22:12
MERGED from [androidx.lifecycle:lifecycle-runtime:2.4.0] AndroidManifest.xml:17:1-24:12
MERGED from [com.google.android.exoplayer:exoplayer-datasource:2.17.1] AndroidManifest.xml:17:1-24:12
MERGED from [com.google.android.exoplayer:exoplayer-extractor:2.17.1] AndroidManifest.xml:17:1-24:12
MERGED from [com.google.android.exoplayer:exoplayer-decoder:2.17.1] AndroidManifest.xml:17:1-24:12
MERGED from [com.google.android.exoplayer:exoplayer-database:2.17.1] AndroidManifest.xml:17:1-24:12
MERGED from [com.google.android.exoplayer:exoplayer-common:2.17.1] AndroidManifest.xml:17:1-26:12
MERGED from [androidx.tracing:tracing:1.0.0] AndroidManifest.xml:17:1-24:12
MERGED from [androidx.lifecycle:lifecycle-livedata:2.0.0] AndroidManifest.xml:17:1-22:12
MERGED from [androidx.lifecycle:lifecycle-livedata-core:2.3.1] AndroidManifest.xml:17:1-24:12
MERGED from [androidx.arch.core:core-runtime:2.1.0] AndroidManifest.xml:17:1-24:12
MERGED from [androidx.documentfile:documentfile:1.0.0] AndroidManifest.xml:17:1-22:12
MERGED from [androidx.localbroadcastmanager:localbroadcastmanager:1.0.0] AndroidManifest.xml:17:1-22:12
MERGED from [androidx.print:print:1.0.0] AndroidManifest.xml:17:1-22:12
MERGED from [androidx.annotation:annotation-experimental:1.1.0] AndroidManifest.xml:17:1-24:12
INJECTED from src/main/AndroidManifest.xml:2:1-126:12
INJECTED from src/main/AndroidManifest.xml:2:1-126:12
INJECTED from src/main/AndroidManifest.xml:2:1-126:12
	package
		ADDED from src/main/AndroidManifest.xml:3:7-34
		INJECTED from src/main/AndroidManifest.xml
		INJECTED from src/main/AndroidManifest.xml
	android:versionName
		ADDED from src/main/AndroidManifest.xml:5:7-32
		INJECTED from src/main/AndroidManifest.xml
		INJECTED from src/main/AndroidManifest.xml
	xmlns:android
		ADDED from src/main/AndroidManifest.xml:2:11-69
	android:versionCode
		ADDED from src/main/AndroidManifest.xml:4:7-30
		INJECTED from src/main/AndroidManifest.xml
		INJECTED from src/main/AndroidManifest.xml
	android:installLocation
		ADDED from src/main/AndroidManifest.xml:6:7-37
uses-feature#0x00020000
ADDED from src/main/AndroidManifest.xml:8:5-53
MERGED from [:mobilertc] AndroidManifest.xml:45:5-54
MERGED from [:mobilertc] AndroidManifest.xml:45:5-54
	android:glEsVersion
		ADDED from src/main/AndroidManifest.xml:8:19-51
uses-permission#android.permission.ACCESS_FINE_LOCATION
ADDED from src/main/AndroidManifest.xml:9:5-79
	android:name
		ADDED from src/main/AndroidManifest.xml:9:22-76
uses-permission#android.permission.RECORD_AUDIO
ADDED from src/main/AndroidManifest.xml:10:5-71
MERGED from [:mobilertc] AndroidManifest.xml:69:5-71
MERGED from [:mobilertc] AndroidManifest.xml:69:5-71
	android:name
		ADDED from src/main/AndroidManifest.xml:10:22-68
uses-permission#android.permission.CAMERA
ADDED from src/main/AndroidManifest.xml:11:5-65
MERGED from [:mobilertc] AndroidManifest.xml:70:5-65
MERGED from [:mobilertc] AndroidManifest.xml:70:5-65
	android:name
		ADDED from src/main/AndroidManifest.xml:11:22-62
uses-permission#android.permission.VIBRATE
ADDED from src/main/AndroidManifest.xml:12:5-66
	android:name
		ADDED from src/main/AndroidManifest.xml:12:22-63
uses-permission#android.permission.CAPTURE_AUDIO_OUTPUT
ADDED from src/main/AndroidManifest.xml:13:5-79
	android:name
		ADDED from src/main/AndroidManifest.xml:13:22-76
uses-permission#android.permission.CAPTURE_VIDEO_OUTPUT
ADDED from src/main/AndroidManifest.xml:14:5-79
	android:name
		ADDED from src/main/AndroidManifest.xml:14:22-76
uses-permission#android.permission.MODIFY_AUDIO_SETTINGS
ADDED from src/main/AndroidManifest.xml:15:5-80
MERGED from [:mobilertc] AndroidManifest.xml:68:5-80
MERGED from [:mobilertc] AndroidManifest.xml:68:5-80
	android:name
		ADDED from src/main/AndroidManifest.xml:15:22-77
application
ADDED from src/main/AndroidManifest.xml:17:5-124:19
MERGED from [:mobilertc] AndroidManifest.xml:83:5-205:19
MERGED from [:mobilertc] AndroidManifest.xml:83:5-205:19
MERGED from [com.google.android.material:material:1.4.0] AndroidManifest.xml:22:5-20
MERGED from [com.google.android.material:material:1.4.0] AndroidManifest.xml:22:5-20
MERGED from [androidx.constraintlayout:constraintlayout:2.1.0] AndroidManifest.xml:9:5-20
MERGED from [androidx.constraintlayout:constraintlayout:2.1.0] AndroidManifest.xml:9:5-20
MERGED from [com.airbnb.android:lottie:4.0.0] AndroidManifest.xml:9:5-20
MERGED from [com.airbnb.android:lottie:4.0.0] AndroidManifest.xml:9:5-20
MERGED from [com.github.bumptech.glide:glide:4.11.0] AndroidManifest.xml:10:5-20
MERGED from [com.github.bumptech.glide:glide:4.11.0] AndroidManifest.xml:10:5-20
MERGED from [androidx.window:window:1.0.0] AndroidManifest.xml:24:5-31:19
MERGED from [androidx.window:window:1.0.0] AndroidManifest.xml:24:5-31:19
MERGED from [androidx.core:core:1.7.0] AndroidManifest.xml:24:5-89
MERGED from [androidx.core:core:1.7.0] AndroidManifest.xml:24:5-89
MERGED from [androidx.versionedparcelable:versionedparcelable:1.1.1] AndroidManifest.xml:24:5-25:19
MERGED from [androidx.versionedparcelable:versionedparcelable:1.1.1] AndroidManifest.xml:24:5-25:19
MERGED from [com.github.bumptech.glide:gifdecoder:4.11.0] AndroidManifest.xml:9:5-20
MERGED from [com.github.bumptech.glide:gifdecoder:4.11.0] AndroidManifest.xml:9:5-20
	android:appComponentFactory
		ADDED from [androidx.core:core:1.7.0] AndroidManifest.xml:24:18-86
	android:label
		ADDED from src/main/AndroidManifest.xml:17:18-55
	android:resizeableActivity
		ADDED from [:mobilertc] AndroidManifest.xml:86:9-42
	android:icon
		ADDED from src/main/AndroidManifest.xml:20:9-45
	android:allowBackup
		ADDED from src/main/AndroidManifest.xml:19:9-36
	android:networkSecurityConfig
		ADDED from [:mobilertc] AndroidManifest.xml:85:9-69
	android:usesCleartextTraffic
		ADDED from [:mobilertc] AndroidManifest.xml:87:9-45
	android:name
		ADDED from src/main/AndroidManifest.xml:18:9-61
activity#us.zoom.sdksample.ui.InitAuthSDKActivity
ADDED from src/main/AndroidManifest.xml:22:9-33:20
	android:screenOrientation
		ADDED from src/main/AndroidManifest.xml:25:13-49
	android:label
		ADDED from src/main/AndroidManifest.xml:23:13-50
	android:exported
		ADDED from src/main/AndroidManifest.xml:27:13-36
	android:configChanges
		ADDED from src/main/AndroidManifest.xml:24:13-83
	android:icon
		ADDED from src/main/AndroidManifest.xml:26:13-49
	android:theme
		ADDED from src/main/AndroidManifest.xml:28:13-54
	android:name
		ADDED from src/main/AndroidManifest.xml:22:19-74
intent-filter#action:name:android.intent.action.MAIN+category:name:android.intent.category.LAUNCHER
ADDED from src/main/AndroidManifest.xml:29:13-32:29
action#android.intent.action.MAIN
ADDED from src/main/AndroidManifest.xml:30:17-69
	android:name
		ADDED from src/main/AndroidManifest.xml:30:25-66
category#android.intent.category.LAUNCHER
ADDED from src/main/AndroidManifest.xml:31:17-77
	android:name
		ADDED from src/main/AndroidManifest.xml:31:27-74
activity#us.zoom.sdksample.ui.APIUserStartJoinMeetingActivity
ADDED from src/main/AndroidManifest.xml:35:9-40:20
	android:label
		ADDED from src/main/AndroidManifest.xml:37:19-56
	android:exported
		ADDED from src/main/AndroidManifest.xml:36:19-43
	android:icon
		ADDED from src/main/AndroidManifest.xml:38:19-55
	android:theme
		ADDED from src/main/AndroidManifest.xml:39:19-60
	android:name
		ADDED from src/main/AndroidManifest.xml:35:19-69
activity#us.zoom.sdksample.ui.LoginUserStartJoinMeetingActivity
ADDED from src/main/AndroidManifest.xml:42:9-48:20
	android:label
		ADDED from src/main/AndroidManifest.xml:43:13-50
	android:exported
		ADDED from src/main/AndroidManifest.xml:46:13-37
	android:icon
		ADDED from src/main/AndroidManifest.xml:44:13-49
	android:theme
		ADDED from src/main/AndroidManifest.xml:47:13-54
	android:name
		ADDED from src/main/AndroidManifest.xml:42:19-71
activity#us.zoom.sdksample.ui.SSOUserLoginActivity
ADDED from src/main/AndroidManifest.xml:50:9-56:20
	android:screenOrientation
		ADDED from src/main/AndroidManifest.xml:55:13-49
	android:label
		ADDED from src/main/AndroidManifest.xml:51:13-50
	android:exported
		ADDED from src/main/AndroidManifest.xml:54:13-37
	android:icon
		ADDED from src/main/AndroidManifest.xml:52:13-49
	android:theme
		ADDED from src/main/AndroidManifest.xml:53:13-54
	android:name
		ADDED from src/main/AndroidManifest.xml:50:19-75
activity#us.zoom.sdksample.otherfeatures.MyInviteActivity
ADDED from src/main/AndroidManifest.xml:58:9-67:20
	android:label
		ADDED from src/main/AndroidManifest.xml:59:19-64
	android:exported
		ADDED from src/main/AndroidManifest.xml:61:19-43
	android:icon
		ADDED from src/main/AndroidManifest.xml:60:19-55
	android:theme
		ADDED from src/main/AndroidManifest.xml:62:19-60
	android:name
		ADDED from src/main/AndroidManifest.xml:58:19-82
intent-filter#action:name:us.zoom.sdkexample.intent.action.MeetingInvite+category:name:android.intent.category.DEFAULT
ADDED from src/main/AndroidManifest.xml:63:13-66:29
action#us.zoom.sdkexample.intent.action.MeetingInvite
ADDED from src/main/AndroidManifest.xml:64:17-89
	android:name
		ADDED from src/main/AndroidManifest.xml:64:25-86
category#android.intent.category.DEFAULT
ADDED from src/main/AndroidManifest.xml:65:17-76
	android:name
		ADDED from src/main/AndroidManifest.xml:65:27-73
activity#us.zoom.sdksample.otherfeatures.MyWaitJoinActivity
ADDED from src/main/AndroidManifest.xml:69:9-77:20
	android:exported
		ADDED from src/main/AndroidManifest.xml:71:19-43
	android:icon
		ADDED from src/main/AndroidManifest.xml:70:19-55
	android:theme
		ADDED from src/main/AndroidManifest.xml:72:19-60
	android:name
		ADDED from src/main/AndroidManifest.xml:69:19-84
activity#us.zoom.sdksample.otherfeatures.MyCallMeByPhoneActivity
ADDED from src/main/AndroidManifest.xml:79:9-86:20
	android:icon
		ADDED from src/main/AndroidManifest.xml:80:19-55
	android:theme
		ADDED from src/main/AndroidManifest.xml:81:19-60
	android:name
		ADDED from src/main/AndroidManifest.xml:79:19-89
activity#us.zoom.sdksample.inmeetingfunction.customizedmeetingui.MyMeetingActivity
ADDED from src/main/AndroidManifest.xml:88:9-93:51
	android:screenOrientation
		ADDED from src/main/AndroidManifest.xml:93:13-49
	android:exported
		ADDED from src/main/AndroidManifest.xml:92:13-37
	android:configChanges
		ADDED from src/main/AndroidManifest.xml:90:13-47
	android:theme
		ADDED from src/main/AndroidManifest.xml:91:13-53
	android:name
		ADDED from src/main/AndroidManifest.xml:89:13-101
activity#us.zoom.sdksample.ui.MeetingSettingActivity
ADDED from src/main/AndroidManifest.xml:95:9-100:51
	android:screenOrientation
		ADDED from src/main/AndroidManifest.xml:100:13-49
	android:exported
		ADDED from src/main/AndroidManifest.xml:99:13-37
	android:configChanges
		ADDED from src/main/AndroidManifest.xml:97:13-47
	android:theme
		ADDED from src/main/AndroidManifest.xml:98:13-53
	android:name
		ADDED from src/main/AndroidManifest.xml:96:13-54
activity#us.zoom.sdksample.inmeetingfunction.customizedmeetingui.RawDataMeetingActivity
ADDED from src/main/AndroidManifest.xml:101:9-106:51
	android:screenOrientation
		ADDED from src/main/AndroidManifest.xml:106:13-49
	android:exported
		ADDED from src/main/AndroidManifest.xml:105:13-37
	android:configChanges
		ADDED from src/main/AndroidManifest.xml:103:13-83
	android:theme
		ADDED from src/main/AndroidManifest.xml:104:13-53
	android:name
		ADDED from src/main/AndroidManifest.xml:102:13-89
activity#us.zoom.sdksample.ui.QAActivity
ADDED from src/main/AndroidManifest.xml:107:9-75
	android:exported
		ADDED from src/main/AndroidManifest.xml:107:49-73
	android:name
		ADDED from src/main/AndroidManifest.xml:107:19-48
activity#us.zoom.sdksample.ui.BreakoutRoomsAdminActivity
ADDED from src/main/AndroidManifest.xml:108:9-112:52
	android:screenOrientation
		ADDED from src/main/AndroidManifest.xml:112:13-49
	android:exported
		ADDED from src/main/AndroidManifest.xml:109:13-37
	android:configChanges
		ADDED from src/main/AndroidManifest.xml:110:13-47
	android:theme
		ADDED from src/main/AndroidManifest.xml:111:13-53
	android:name
		ADDED from src/main/AndroidManifest.xml:108:19-64
activity#us.zoom.sdksample.ui.BoEditActivity
ADDED from src/main/AndroidManifest.xml:113:9-117:52
	android:screenOrientation
		ADDED from src/main/AndroidManifest.xml:117:13-49
	android:exported
		ADDED from src/main/AndroidManifest.xml:114:13-37
	android:configChanges
		ADDED from src/main/AndroidManifest.xml:115:13-47
	android:theme
		ADDED from src/main/AndroidManifest.xml:116:13-53
	android:name
		ADDED from src/main/AndroidManifest.xml:113:19-52
activity#us.zoom.sdksample.inmeetingfunction.zoommeetingui.CustomZoomUIActivity
ADDED from src/main/AndroidManifest.xml:118:9-123:55
	android:hardwareAccelerated
		ADDED from src/main/AndroidManifest.xml:122:13-47
	android:exported
		ADDED from src/main/AndroidManifest.xml:120:13-37
	android:configChanges
		ADDED from src/main/AndroidManifest.xml:121:13-59
	android:theme
		ADDED from src/main/AndroidManifest.xml:123:13-53
	android:name
		ADDED from src/main/AndroidManifest.xml:119:13-98
uses-sdk
INJECTED from src/main/AndroidManifest.xml reason: use-sdk injection requested
INJECTED from src/main/AndroidManifest.xml
INJECTED from src/main/AndroidManifest.xml
MERGED from [:commonlib] AndroidManifest.xml:5:5-7:41
MERGED from [:commonlib] AndroidManifest.xml:5:5-7:41
MERGED from [:mobilertc] AndroidManifest.xml:8:5-10:41
MERGED from [:mobilertc] AndroidManifest.xml:8:5-10:41
MERGED from [androidx.security:security-crypto:1.1.0-alpha03] AndroidManifest.xml:20:5-22:41
MERGED from [androidx.security:security-crypto:1.1.0-alpha03] AndroidManifest.xml:20:5-22:41
MERGED from [com.google.android.exoplayer:exoplayer-ui:2.17.1] AndroidManifest.xml:20:5-22:41
MERGED from [com.google.android.exoplayer:exoplayer-ui:2.17.1] AndroidManifest.xml:20:5-22:41
MERGED from [com.google.android.exoplayer:exoplayer-core:2.17.1] AndroidManifest.xml:20:5-22:41
MERGED from [com.google.android.exoplayer:exoplayer-core:2.17.1] AndroidManifest.xml:20:5-22:41
MERGED from [androidx.swiperefreshlayout:swiperefreshlayout:1.1.0] AndroidManifest.xml:20:5-22:41
MERGED from [androidx.swiperefreshlayout:swiperefreshlayout:1.1.0] AndroidManifest.xml:20:5-22:41
MERGED from [com.google.android.material:material:1.4.0] AndroidManifest.xml:20:5-44
MERGED from [com.google.android.material:material:1.4.0] AndroidManifest.xml:20:5-44
MERGED from [androidx.constraintlayout:constraintlayout:2.1.0] AndroidManifest.xml:5:5-7:41
MERGED from [androidx.constraintlayout:constraintlayout:2.1.0] AndroidManifest.xml:5:5-7:41
MERGED from [com.airbnb.android:lottie:4.0.0] AndroidManifest.xml:5:5-7:41
MERGED from [com.airbnb.android:lottie:4.0.0] AndroidManifest.xml:5:5-7:41
MERGED from [androidx.appcompat:appcompat:1.3.1] AndroidManifest.xml:20:5-22:41
MERGED from [androidx.appcompat:appcompat:1.3.1] AndroidManifest.xml:20:5-22:41
MERGED from [com.google.android:flexbox:2.0.1] AndroidManifest.xml:22:5-24:41
MERGED from [com.google.android:flexbox:2.0.1] AndroidManifest.xml:22:5-24:41
MERGED from [androidx.multidex:multidex:2.0.0] AndroidManifest.xml:20:5-43
MERGED from [androidx.multidex:multidex:2.0.0] AndroidManifest.xml:20:5-43
MERGED from [com.github.bumptech.glide:glide:4.11.0] AndroidManifest.xml:6:5-8:41
MERGED from [com.github.bumptech.glide:glide:4.11.0] AndroidManifest.xml:6:5-8:41
MERGED from [androidx.viewpager2:viewpager2:1.0.0] AndroidManifest.xml:20:5-22:41
MERGED from [androidx.viewpager2:viewpager2:1.0.0] AndroidManifest.xml:20:5-22:41
MERGED from [androidx.recyclerview:recyclerview:1.2.1] AndroidManifest.xml:20:5-22:41
MERGED from [androidx.recyclerview:recyclerview:1.2.1] AndroidManifest.xml:20:5-22:41
MERGED from [androidx.window:window-java:1.0.0] AndroidManifest.xml:19:5-21:41
MERGED from [androidx.window:window-java:1.0.0] AndroidManifest.xml:19:5-21:41
MERGED from [androidx.window:window:1.0.0] AndroidManifest.xml:20:5-22:41
MERGED from [androidx.window:window:1.0.0] AndroidManifest.xml:20:5-22:41
MERGED from [androidx.fragment:fragment-ktx:1.4.1] AndroidManifest.xml:20:5-22:41
MERGED from [androidx.fragment:fragment-ktx:1.4.1] AndroidManifest.xml:20:5-22:41
MERGED from [androidx.fragment:fragment:1.4.1] AndroidManifest.xml:20:5-22:41
MERGED from [androidx.fragment:fragment:1.4.1] AndroidManifest.xml:20:5-22:41
MERGED from [androidx.activity:activity-ktx:1.2.3] AndroidManifest.xml:20:5-22:41
MERGED from [androidx.activity:activity-ktx:1.2.3] AndroidManifest.xml:20:5-22:41
MERGED from [androidx.core:core-ktx:1.7.0] AndroidManifest.xml:5:5-7:41
MERGED from [androidx.core:core-ktx:1.7.0] AndroidManifest.xml:5:5-7:41
MERGED from [androidx.lifecycle:lifecycle-viewmodel-ktx:2.4.0] AndroidManifest.xml:20:5-22:41
MERGED from [androidx.lifecycle:lifecycle-viewmodel-ktx:2.4.0] AndroidManifest.xml:20:5-22:41
MERGED from [androidx.lifecycle:lifecycle-runtime-ktx:2.4.0] AndroidManifest.xml:20:5-22:41
MERGED from [androidx.lifecycle:lifecycle-runtime-ktx:2.4.0] AndroidManifest.xml:20:5-22:41
MERGED from [androidx.activity:activity:1.2.4] AndroidManifest.xml:20:5-22:41
MERGED from [androidx.activity:activity:1.2.4] AndroidManifest.xml:20:5-22:41
MERGED from [androidx.lifecycle:lifecycle-viewmodel-savedstate:2.3.1] AndroidManifest.xml:20:5-22:41
MERGED from [androidx.lifecycle:lifecycle-viewmodel-savedstate:2.3.1] AndroidManifest.xml:20:5-22:41
MERGED from [androidx.dynamicanimation:dynamicanimation:1.0.0] AndroidManifest.xml:20:5-44
MERGED from [androidx.dynamicanimation:dynamicanimation:1.0.0] AndroidManifest.xml:20:5-44
MERGED from [androidx.legacy:legacy-support-core-utils:1.0.0] AndroidManifest.xml:20:5-44
MERGED from [androidx.legacy:legacy-support-core-utils:1.0.0] AndroidManifest.xml:20:5-44
MERGED from [androidx.loader:loader:1.0.0] AndroidManifest.xml:20:5-44
MERGED from [androidx.loader:loader:1.0.0] AndroidManifest.xml:20:5-44
MERGED from [androidx.lifecycle:lifecycle-viewmodel:2.4.0] AndroidManifest.xml:20:5-22:41
MERGED from [androidx.lifecycle:lifecycle-viewmodel:2.4.0] AndroidManifest.xml:20:5-22:41
MERGED from [androidx.lifecycle:lifecycle-livedata-core-ktx:2.3.1] AndroidManifest.xml:20:5-22:41
MERGED from [androidx.lifecycle:lifecycle-livedata-core-ktx:2.3.1] AndroidManifest.xml:20:5-22:41
MERGED from [androidx.savedstate:savedstate-ktx:1.1.0] AndroidManifest.xml:20:5-22:41
MERGED from [androidx.savedstate:savedstate-ktx:1.1.0] AndroidManifest.xml:20:5-22:41
MERGED from [androidx.media:media:1.4.3] AndroidManifest.xml:20:5-22:41
MERGED from [androidx.media:media:1.4.3] AndroidManifest.xml:20:5-22:41
MERGED from [androidx.appcompat:appcompat-resources:1.3.1] AndroidManifest.xml:20:5-22:41
MERGED from [androidx.appcompat:appcompat-resources:1.3.1] AndroidManifest.xml:20:5-22:41
MERGED from [androidx.drawerlayout:drawerlayout:1.0.0] AndroidManifest.xml:20:5-44
MERGED from [androidx.drawerlayout:drawerlayout:1.0.0] AndroidManifest.xml:20:5-44
MERGED from [androidx.coordinatorlayout:coordinatorlayout:1.1.0] AndroidManifest.xml:20:5-22:41
MERGED from [androidx.coordinatorlayout:coordinatorlayout:1.1.0] AndroidManifest.xml:20:5-22:41
MERGED from [androidx.transition:transition:1.2.0] AndroidManifest.xml:20:5-22:41
MERGED from [androidx.transition:transition:1.2.0] AndroidManifest.xml:20:5-22:41
MERGED from [androidx.vectordrawable:vectordrawable-animated:1.1.0] AndroidManifest.xml:20:5-22:41
MERGED from [androidx.vectordrawable:vectordrawable-animated:1.1.0] AndroidManifest.xml:20:5-22:41
MERGED from [androidx.vectordrawable:vectordrawable:1.1.0] AndroidManifest.xml:20:5-22:41
MERGED from [androidx.vectordrawable:vectordrawable:1.1.0] AndroidManifest.xml:20:5-22:41
MERGED from [androidx.viewpager:viewpager:1.0.0] AndroidManifest.xml:20:5-44
MERGED from [androidx.viewpager:viewpager:1.0.0] AndroidManifest.xml:20:5-44
MERGED from [androidx.customview:customview:1.0.0] AndroidManifest.xml:20:5-44
MERGED from [androidx.customview:customview:1.0.0] AndroidManifest.xml:20:5-44
MERGED from [androidx.core:core:1.7.0] AndroidManifest.xml:20:5-22:41
MERGED from [androidx.core:core:1.7.0] AndroidManifest.xml:20:5-22:41
MERGED from [androidx.versionedparcelable:versionedparcelable:1.1.1] AndroidManifest.xml:20:5-22:41
MERGED from [androidx.versionedparcelable:versionedparcelable:1.1.1] AndroidManifest.xml:20:5-22:41
MERGED from [androidx.interpolator:interpolator:1.0.0] AndroidManifest.xml:20:5-44
MERGED from [androidx.interpolator:interpolator:1.0.0] AndroidManifest.xml:20:5-44
MERGED from [androidx.cursoradapter:cursoradapter:1.0.0] AndroidManifest.xml:20:5-44
MERGED from [androidx.cursoradapter:cursoradapter:1.0.0] AndroidManifest.xml:20:5-44
MERGED from [androidx.savedstate:savedstate:1.1.0] AndroidManifest.xml:20:5-22:41
MERGED from [androidx.savedstate:savedstate:1.1.0] AndroidManifest.xml:20:5-22:41
MERGED from [androidx.cardview:cardview:1.0.0] AndroidManifest.xml:20:5-44
MERGED from [androidx.cardview:cardview:1.0.0] AndroidManifest.xml:20:5-44
MERGED from [com.github.bumptech.glide:gifdecoder:4.11.0] AndroidManifest.xml:5:5-7:41
MERGED from [com.github.bumptech.glide:gifdecoder:4.11.0] AndroidManifest.xml:5:5-7:41
MERGED from [androidx.exifinterface:exifinterface:1.0.0] AndroidManifest.xml:20:5-44
MERGED from [androidx.exifinterface:exifinterface:1.0.0] AndroidManifest.xml:20:5-44
MERGED from [androidx.lifecycle:lifecycle-runtime:2.4.0] AndroidManifest.xml:20:5-22:41
MERGED from [androidx.lifecycle:lifecycle-runtime:2.4.0] AndroidManifest.xml:20:5-22:41
MERGED from [com.google.android.exoplayer:exoplayer-datasource:2.17.1] AndroidManifest.xml:20:5-22:41
MERGED from [com.google.android.exoplayer:exoplayer-datasource:2.17.1] AndroidManifest.xml:20:5-22:41
MERGED from [com.google.android.exoplayer:exoplayer-extractor:2.17.1] AndroidManifest.xml:20:5-22:41
MERGED from [com.google.android.exoplayer:exoplayer-extractor:2.17.1] AndroidManifest.xml:20:5-22:41
MERGED from [com.google.android.exoplayer:exoplayer-decoder:2.17.1] AndroidManifest.xml:20:5-22:41
MERGED from [com.google.android.exoplayer:exoplayer-decoder:2.17.1] AndroidManifest.xml:20:5-22:41
MERGED from [com.google.android.exoplayer:exoplayer-database:2.17.1] AndroidManifest.xml:20:5-22:41
MERGED from [com.google.android.exoplayer:exoplayer-database:2.17.1] AndroidManifest.xml:20:5-22:41
MERGED from [com.google.android.exoplayer:exoplayer-common:2.17.1] AndroidManifest.xml:20:5-22:41
MERGED from [com.google.android.exoplayer:exoplayer-common:2.17.1] AndroidManifest.xml:20:5-22:41
MERGED from [androidx.tracing:tracing:1.0.0] AndroidManifest.xml:20:5-22:41
MERGED from [androidx.tracing:tracing:1.0.0] AndroidManifest.xml:20:5-22:41
MERGED from [androidx.lifecycle:lifecycle-livedata:2.0.0] AndroidManifest.xml:20:5-44
MERGED from [androidx.lifecycle:lifecycle-livedata:2.0.0] AndroidManifest.xml:20:5-44
MERGED from [androidx.lifecycle:lifecycle-livedata-core:2.3.1] AndroidManifest.xml:20:5-22:41
MERGED from [androidx.lifecycle:lifecycle-livedata-core:2.3.1] AndroidManifest.xml:20:5-22:41
MERGED from [androidx.arch.core:core-runtime:2.1.0] AndroidManifest.xml:20:5-22:41
MERGED from [androidx.arch.core:core-runtime:2.1.0] AndroidManifest.xml:20:5-22:41
MERGED from [androidx.documentfile:documentfile:1.0.0] AndroidManifest.xml:20:5-44
MERGED from [androidx.documentfile:documentfile:1.0.0] AndroidManifest.xml:20:5-44
MERGED from [androidx.localbroadcastmanager:localbroadcastmanager:1.0.0] AndroidManifest.xml:20:5-44
MERGED from [androidx.localbroadcastmanager:localbroadcastmanager:1.0.0] AndroidManifest.xml:20:5-44
MERGED from [androidx.print:print:1.0.0] AndroidManifest.xml:20:5-44
MERGED from [androidx.print:print:1.0.0] AndroidManifest.xml:20:5-44
MERGED from [androidx.annotation:annotation-experimental:1.1.0] AndroidManifest.xml:20:5-22:41
MERGED from [androidx.annotation:annotation-experimental:1.1.0] AndroidManifest.xml:20:5-22:41
INJECTED from src/main/AndroidManifest.xml
INJECTED from src/main/AndroidManifest.xml
	android:targetSdkVersion
		INJECTED from src/main/AndroidManifest.xml
		ADDED from src/main/AndroidManifest.xml
		INJECTED from src/main/AndroidManifest.xml
	android:minSdkVersion
		INJECTED from src/main/AndroidManifest.xml
		ADDED from src/main/AndroidManifest.xml
		INJECTED from src/main/AndroidManifest.xml
queries
ADDED from [:mobilertc] AndroidManifest.xml:12:5-43:15
intent#action:name:android.media.action.IMAGE_CAPTURE
ADDED from [:mobilertc] AndroidManifest.xml:13:9-15:18
action#android.media.action.IMAGE_CAPTURE
ADDED from [:mobilertc] AndroidManifest.xml:14:13-73
	android:name
		ADDED from [:mobilertc] AndroidManifest.xml:14:21-70
intent#action:name:android.settings.action.MANAGE_OVERLAY_PERMISSION
ADDED from [:mobilertc] AndroidManifest.xml:16:9-18:18
action#android.settings.action.MANAGE_OVERLAY_PERMISSION
ADDED from [:mobilertc] AndroidManifest.xml:17:13-88
	android:name
		ADDED from [:mobilertc] AndroidManifest.xml:17:21-85
intent#action:name:android.intent.action.VIEW
ADDED from [:mobilertc] AndroidManifest.xml:19:9-21:18
action#android.intent.action.VIEW
ADDED from [:mobilertc] AndroidManifest.xml:20:13-65
	android:name
		ADDED from [:mobilertc] AndroidManifest.xml:20:21-62
intent#action:name:android.intent.action.SENDTO
ADDED from [:mobilertc] AndroidManifest.xml:22:9-24:18
action#android.intent.action.SENDTO
ADDED from [:mobilertc] AndroidManifest.xml:23:13-67
	android:name
		ADDED from [:mobilertc] AndroidManifest.xml:23:21-64
intent#action:name:android.intent.action.MAIN
ADDED from [:mobilertc] AndroidManifest.xml:25:9-27:18
intent#action:name:android.intent.action.EDIT
ADDED from [:mobilertc] AndroidManifest.xml:28:9-30:18
action#android.intent.action.EDIT
ADDED from [:mobilertc] AndroidManifest.xml:29:13-65
	android:name